<?xml version="1.0" encoding="UTF-8"?>
<testsuite name="com.kodilla.hibernate.KodillaHibernateApplicationTests" tests="1" skipped="0" failures="0" errors="0" timestamp="2019-11-13T20:50:38" hostname="DESKTOP-SLQ4268" time="0.005">
  <properties/>
  <testcase name="contextLoads" classname="com.kodilla.hibernate.KodillaHibernateApplicationTests" time="0.005"/>
  <system-out><![CDATA[2019-11-13 21:50:38.521  INFO 16684 --- [    Test worker] .b.t.c.SpringBootTestContextBootstrapper : Neither @ContextConfiguration nor @ContextHierarchy found for test class [com.kodilla.hibernate.KodillaHibernateApplicationTests], using SpringBootContextLoader
2019-11-13 21:50:38.522  INFO 16684 --- [    Test worker] o.s.t.c.support.AbstractContextLoader    : Could not detect default resource locations for test class [com.kodilla.hibernate.KodillaHibernateApplicationTests]: no resource found for suffixes {-context.xml, Context.groovy}.
2019-11-13 21:50:38.523  INFO 16684 --- [    Test worker] t.c.s.AnnotationConfigContextLoaderUtils : Could not detect default configuration classes for test class [com.kodilla.hibernate.KodillaHibernateApplicationTests]: KodillaHibernateApplicationTests does not declare any static, non-private, non-final, nested classes annotated with @Configuration.
2019-11-13 21:50:38.532  INFO 16684 --- [    Test worker] .b.t.c.SpringBootTestContextBootstrapper : Found @SpringBootConfiguration com.kodilla.hibernate.KodillaHibernateApplication for test class com.kodilla.hibernate.KodillaHibernateApplicationTests
2019-11-13 21:50:38.536  INFO 16684 --- [    Test worker] .b.t.c.SpringBootTestContextBootstrapper : Loaded default TestExecutionListener class names from location [META-INF/spring.factories]: [org.springframework.boot.test.autoconfigure.restdocs.RestDocsTestExecutionListener, org.springframework.boot.test.autoconfigure.web.client.MockRestServiceServerResetTestExecutionListener, org.springframework.boot.test.autoconfigure.web.servlet.MockMvcPrintOnlyOnFailureTestExecutionListener, org.springframework.boot.test.autoconfigure.web.servlet.WebDriverTestExecutionListener, org.springframework.boot.test.mock.mockito.MockitoTestExecutionListener, org.springframework.boot.test.mock.mockito.ResetMocksTestExecutionListener, org.springframework.test.context.web.ServletTestExecutionListener, org.springframework.test.context.support.DirtiesContextBeforeModesTestExecutionListener, org.springframework.test.context.support.DependencyInjectionTestExecutionListener, org.springframework.test.context.support.DirtiesContextTestExecutionListener, org.springframework.test.context.transaction.TransactionalTestExecutionListener, org.springframework.test.context.jdbc.SqlScriptsTestExecutionListener]
2019-11-13 21:50:38.537  INFO 16684 --- [    Test worker] .b.t.c.SpringBootTestContextBootstrapper : Using TestExecutionListeners: [org.springframework.test.context.support.DirtiesContextBeforeModesTestExecutionListener@4ad2d8b4, org.springframework.boot.test.mock.mockito.MockitoTestExecutionListener@6232758b, org.springframework.boot.test.autoconfigure.SpringBootDependencyInjectionTestExecutionListener@7bb53f5f, org.springframework.test.context.support.DirtiesContextTestExecutionListener@48ba5bfa, org.springframework.test.context.transaction.TransactionalTestExecutionListener@14713d21, org.springframework.test.context.jdbc.SqlScriptsTestExecutionListener@659e9c09, org.springframework.boot.test.autoconfigure.restdocs.RestDocsTestExecutionListener@37830822, org.springframework.boot.test.autoconfigure.web.client.MockRestServiceServerResetTestExecutionListener@2d7cf0a3, org.springframework.boot.test.autoconfigure.web.servlet.MockMvcPrintOnlyOnFailureTestExecutionListener@30f95818, org.springframework.boot.test.autoconfigure.web.servlet.WebDriverTestExecutionListener@2196f4da, org.springframework.boot.test.mock.mockito.ResetMocksTestExecutionListener@efb2ad2]
]]></system-out>
  <system-err><![CDATA[]]></system-err>
</testsuite>
