<?xml version="1.0" encoding="UTF-8"?>
<testsuite name="com.kodilla.hibernate.invoice.dao.InvoiceDaoTestSuite" tests="1" skipped="0" failures="0" errors="0" timestamp="2019-11-13T20:50:38" hostname="DESKTOP-SLQ4268" time="0.507">
  <properties/>
  <testcase name="testInvoiceDaoSave" classname="com.kodilla.hibernate.invoice.dao.InvoiceDaoTestSuite" time="0.507"/>
  <system-out><![CDATA[21:50:27.470 [Test worker] DEBUG org.springframework.test.context.junit4.SpringJUnit4ClassRunner - SpringJUnit4ClassRunner constructor called with [class com.kodilla.hibernate.invoice.dao.InvoiceDaoTestSuite]
21:50:27.497 [Test worker] DEBUG org.springframework.test.context.BootstrapUtils - Instantiating CacheAwareContextLoaderDelegate from class [org.springframework.test.context.cache.DefaultCacheAwareContextLoaderDelegate]
21:50:27.511 [Test worker] DEBUG org.springframework.test.context.BootstrapUtils - Instantiating BootstrapContext using constructor [public org.springframework.test.context.support.DefaultBootstrapContext(java.lang.Class,org.springframework.test.context.CacheAwareContextLoaderDelegate)]
21:50:27.565 [Test worker] DEBUG org.springframework.test.context.BootstrapUtils - Instantiating TestContextBootstrapper for test class [com.kodilla.hibernate.invoice.dao.InvoiceDaoTestSuite] from class [org.springframework.boot.test.context.SpringBootTestContextBootstrapper]
21:50:27.620 [Test worker] INFO org.springframework.boot.test.context.SpringBootTestContextBootstrapper - Neither @ContextConfiguration nor @ContextHierarchy found for test class [com.kodilla.hibernate.invoice.dao.InvoiceDaoTestSuite], using SpringBootContextLoader
21:50:27.629 [Test worker] DEBUG org.springframework.test.context.support.AbstractContextLoader - Did not detect default resource location for test class [com.kodilla.hibernate.invoice.dao.InvoiceDaoTestSuite]: class path resource [com/kodilla/hibernate/invoice/dao/InvoiceDaoTestSuite-context.xml] does not exist
21:50:27.630 [Test worker] DEBUG org.springframework.test.context.support.AbstractContextLoader - Did not detect default resource location for test class [com.kodilla.hibernate.invoice.dao.InvoiceDaoTestSuite]: class path resource [com/kodilla/hibernate/invoice/dao/InvoiceDaoTestSuiteContext.groovy] does not exist
21:50:27.630 [Test worker] INFO org.springframework.test.context.support.AbstractContextLoader - Could not detect default resource locations for test class [com.kodilla.hibernate.invoice.dao.InvoiceDaoTestSuite]: no resource found for suffixes {-context.xml, Context.groovy}.
21:50:27.632 [Test worker] INFO org.springframework.test.context.support.AnnotationConfigContextLoaderUtils - Could not detect default configuration classes for test class [com.kodilla.hibernate.invoice.dao.InvoiceDaoTestSuite]: InvoiceDaoTestSuite does not declare any static, non-private, non-final, nested classes annotated with @Configuration.
21:50:27.743 [Test worker] DEBUG org.springframework.test.context.support.ActiveProfilesUtils - Could not find an 'annotation declaring class' for annotation type [org.springframework.test.context.ActiveProfiles] and class [com.kodilla.hibernate.invoice.dao.InvoiceDaoTestSuite]
21:50:27.977 [Test worker] DEBUG org.springframework.context.annotation.ClassPathScanningCandidateComponentProvider - Identified candidate component class: file [C:\Users\User\IdeaProjects\beata-blizniewska-kodilla-java\kodilla-hibernate\build\classes\java\main\com\kodilla\hibernate\KodillaHibernateApplication.class]
21:50:27.980 [Test worker] INFO org.springframework.boot.test.context.SpringBootTestContextBootstrapper - Found @SpringBootConfiguration com.kodilla.hibernate.KodillaHibernateApplication for test class com.kodilla.hibernate.invoice.dao.InvoiceDaoTestSuite
21:50:28.169 [Test worker] DEBUG org.springframework.boot.test.context.SpringBootTestContextBootstrapper - @TestExecutionListeners is not present for class [com.kodilla.hibernate.invoice.dao.InvoiceDaoTestSuite]: using defaults.
21:50:28.171 [Test worker] INFO org.springframework.boot.test.context.SpringBootTestContextBootstrapper - Loaded default TestExecutionListener class names from location [META-INF/spring.factories]: [org.springframework.boot.test.autoconfigure.restdocs.RestDocsTestExecutionListener, org.springframework.boot.test.autoconfigure.web.client.MockRestServiceServerResetTestExecutionListener, org.springframework.boot.test.autoconfigure.web.servlet.MockMvcPrintOnlyOnFailureTestExecutionListener, org.springframework.boot.test.autoconfigure.web.servlet.WebDriverTestExecutionListener, org.springframework.boot.test.mock.mockito.MockitoTestExecutionListener, org.springframework.boot.test.mock.mockito.ResetMocksTestExecutionListener, org.springframework.test.context.web.ServletTestExecutionListener, org.springframework.test.context.support.DirtiesContextBeforeModesTestExecutionListener, org.springframework.test.context.support.DependencyInjectionTestExecutionListener, org.springframework.test.context.support.DirtiesContextTestExecutionListener, org.springframework.test.context.transaction.TransactionalTestExecutionListener, org.springframework.test.context.jdbc.SqlScriptsTestExecutionListener]
21:50:28.193 [Test worker] DEBUG org.springframework.boot.test.context.SpringBootTestContextBootstrapper - Skipping candidate TestExecutionListener [org.springframework.test.context.web.ServletTestExecutionListener] due to a missing dependency. Specify custom listener classes or make the default listener classes and their required dependencies available. Offending class: [javax/servlet/ServletContext]
21:50:28.205 [Test worker] INFO org.springframework.boot.test.context.SpringBootTestContextBootstrapper - Using TestExecutionListeners: [org.springframework.test.context.support.DirtiesContextBeforeModesTestExecutionListener@65ea5792, org.springframework.boot.test.mock.mockito.MockitoTestExecutionListener@780f9619, org.springframework.boot.test.autoconfigure.SpringBootDependencyInjectionTestExecutionListener@7132717b, org.springframework.test.context.support.DirtiesContextTestExecutionListener@700e9669, org.springframework.test.context.transaction.TransactionalTestExecutionListener@476f193d, org.springframework.test.context.jdbc.SqlScriptsTestExecutionListener@4354e097, org.springframework.boot.test.autoconfigure.restdocs.RestDocsTestExecutionListener@210ff82f, org.springframework.boot.test.autoconfigure.web.client.MockRestServiceServerResetTestExecutionListener@25368fb9, org.springframework.boot.test.autoconfigure.web.servlet.MockMvcPrintOnlyOnFailureTestExecutionListener@1a2fdcd3, org.springframework.boot.test.autoconfigure.web.servlet.WebDriverTestExecutionListener@7e9bc759, org.springframework.boot.test.mock.mockito.ResetMocksTestExecutionListener@208b8625]
21:50:28.213 [Test worker] DEBUG org.springframework.test.annotation.ProfileValueUtils - Retrieved @ProfileValueSourceConfiguration [null] for test class [com.kodilla.hibernate.invoice.dao.InvoiceDaoTestSuite]
21:50:28.217 [Test worker] DEBUG org.springframework.test.annotation.ProfileValueUtils - Retrieved ProfileValueSource type [class org.springframework.test.annotation.SystemProfileValueSource] for class [com.kodilla.hibernate.invoice.dao.InvoiceDaoTestSuite]
21:50:28.220 [Test worker] DEBUG org.springframework.test.annotation.ProfileValueUtils - Retrieved @ProfileValueSourceConfiguration [null] for test class [com.kodilla.hibernate.invoice.dao.InvoiceDaoTestSuite]
21:50:28.221 [Test worker] DEBUG org.springframework.test.annotation.ProfileValueUtils - Retrieved ProfileValueSource type [class org.springframework.test.annotation.SystemProfileValueSource] for class [com.kodilla.hibernate.invoice.dao.InvoiceDaoTestSuite]
21:50:28.232 [Test worker] DEBUG org.springframework.test.context.support.AbstractDirtiesContextTestExecutionListener - Before test class: context [DefaultTestContext@360b2a40 testClass = InvoiceDaoTestSuite, testInstance = [null], testMethod = [null], testException = [null], mergedContextConfiguration = [MergedContextConfiguration@5ce8d901 testClass = InvoiceDaoTestSuite, locations = '{}', classes = '{class com.kodilla.hibernate.KodillaHibernateApplication}', contextInitializerClasses = '[]', activeProfiles = '{}', propertySourceLocations = '{}', propertySourceProperties = '{org.springframework.boot.test.context.SpringBootTestContextBootstrapper=true}', contextCustomizers = set[org.springframework.boot.test.autoconfigure.properties.PropertyMappingContextCustomizer@0, org.springframework.boot.test.autoconfigure.web.servlet.WebDriverContextCustomizerFactory$Customizer@463eedf0, org.springframework.boot.test.context.filter.ExcludeFilterContextCustomizer@540c47b2, org.springframework.boot.test.json.DuplicateJsonObjectContextCustomizerFactory$DuplicateJsonObjectContextCustomizer@46809d2, org.springframework.boot.test.mock.mockito.MockitoContextCustomizer@0, org.springframework.boot.test.web.client.TestRestTemplateContextCustomizer@61002c49], contextLoader = 'org.springframework.boot.test.context.SpringBootContextLoader', parent = [null]], attributes = map[[empty]]], class annotated with @DirtiesContext [false] with mode [null].
21:50:28.233 [Test worker] DEBUG org.springframework.test.annotation.ProfileValueUtils - Retrieved @ProfileValueSourceConfiguration [null] for test class [com.kodilla.hibernate.invoice.dao.InvoiceDaoTestSuite]
21:50:28.233 [Test worker] DEBUG org.springframework.test.annotation.ProfileValueUtils - Retrieved ProfileValueSource type [class org.springframework.test.annotation.SystemProfileValueSource] for class [com.kodilla.hibernate.invoice.dao.InvoiceDaoTestSuite]
21:50:28.240 [Test worker] DEBUG org.springframework.test.context.support.DependencyInjectionTestExecutionListener - Performing dependency injection for test context [[DefaultTestContext@360b2a40 testClass = InvoiceDaoTestSuite, testInstance = com.kodilla.hibernate.invoice.dao.InvoiceDaoTestSuite@31b37b22, testMethod = [null], testException = [null], mergedContextConfiguration = [MergedContextConfiguration@5ce8d901 testClass = InvoiceDaoTestSuite, locations = '{}', classes = '{class com.kodilla.hibernate.KodillaHibernateApplication}', contextInitializerClasses = '[]', activeProfiles = '{}', propertySourceLocations = '{}', propertySourceProperties = '{org.springframework.boot.test.context.SpringBootTestContextBootstrapper=true}', contextCustomizers = set[org.springframework.boot.test.autoconfigure.properties.PropertyMappingContextCustomizer@0, org.springframework.boot.test.autoconfigure.web.servlet.WebDriverContextCustomizerFactory$Customizer@463eedf0, org.springframework.boot.test.context.filter.ExcludeFilterContextCustomizer@540c47b2, org.springframework.boot.test.json.DuplicateJsonObjectContextCustomizerFactory$DuplicateJsonObjectContextCustomizer@46809d2, org.springframework.boot.test.mock.mockito.MockitoContextCustomizer@0, org.springframework.boot.test.web.client.TestRestTemplateContextCustomizer@61002c49], contextLoader = 'org.springframework.boot.test.context.SpringBootContextLoader', parent = [null]], attributes = map[[empty]]]].
21:50:28.272 [Test worker] DEBUG org.springframework.test.context.support.TestPropertySourceUtils - Adding inlined properties to environment: {spring.jmx.enabled=false, org.springframework.boot.test.context.SpringBootTestContextBootstrapper=true, server.port=-1}

  .   ____          _            __ _ _
 /\\ / ___'_ __ _ _(_)_ __  __ _ \ \ \ \
( ( )\___ | '_ | '_| | '_ \/ _` | \ \ \ \
 \\/  ___)| |_)| | | | | || (_| |  ) ) ) )
  '  |____| .__|_| |_|_| |_\__, | / / / /
 =========|_|==============|___/=/_/_/_/
 :: Spring Boot ::        (v2.1.5.RELEASE)

2019-11-13 21:50:28.933  INFO 16684 --- [    Test worker] c.k.h.invoice.dao.InvoiceDaoTestSuite    : Starting InvoiceDaoTestSuite on DESKTOP-SLQ4268 with PID 16684 (started by User in C:\Users\User\IdeaProjects\beata-blizniewska-kodilla-java\kodilla-hibernate)
2019-11-13 21:50:28.938  INFO 16684 --- [    Test worker] c.k.h.invoice.dao.InvoiceDaoTestSuite    : No active profile set, falling back to default profiles: default
2019-11-13 21:50:30.822  INFO 16684 --- [    Test worker] .s.d.r.c.RepositoryConfigurationDelegate : Bootstrapping Spring Data repositories in DEFAULT mode.
2019-11-13 21:50:31.101  INFO 16684 --- [    Test worker] .s.d.r.c.RepositoryConfigurationDelegate : Finished Spring Data repository scanning in 228ms. Found 8 repository interfaces.
2019-11-13 21:50:32.440  INFO 16684 --- [    Test worker] o.hibernate.jpa.internal.util.LogHelper  : HHH000204: Processing PersistenceUnitInfo [
	name: default
	...]
2019-11-13 21:50:32.548  INFO 16684 --- [    Test worker] org.hibernate.Version                    : HHH000412: Hibernate Core {5.3.10.Final}
2019-11-13 21:50:32.550  INFO 16684 --- [    Test worker] org.hibernate.cfg.Environment            : HHH000206: hibernate.properties not found
2019-11-13 21:50:32.900  INFO 16684 --- [    Test worker] o.hibernate.annotations.common.Version   : HCANN000001: Hibernate Commons Annotations {5.0.4.Final}
2019-11-13 21:50:33.148  INFO 16684 --- [    Test worker] com.zaxxer.hikari.HikariDataSource       : HikariPool-1 - Starting...
2019-11-13 21:50:33.404  INFO 16684 --- [    Test worker] com.zaxxer.hikari.HikariDataSource       : HikariPool-1 - Start completed.
2019-11-13 21:50:33.428  INFO 16684 --- [    Test worker] org.hibernate.dialect.Dialect            : HHH000400: Using dialect: org.hibernate.dialect.MySQL5Dialect
Hibernate: alter table items add constraint FKi3fv29v33apu6j1klh8nld3re foreign key (invoice_id) references invoices (invoice_id)
Hibernate: alter table items add constraint FKmtk37pxnx7d5ck7fkq2xcna4i foreign key (product_id) references products (product_id)
Hibernate: alter table join_company_employee add constraint FK8qv4sbf5gudy2g20lbjoknvsy foreign key (company_id) references companies (company_id)
Hibernate: alter table join_company_employee add constraint FKhyidh70ikigdnt5yqddpn795y foreign key (employee_id) references employees (employee_id)
Hibernate: alter table tasks add constraint FKjn0lysmdvqtxtfyrmsfr6m6ho foreign key (task_financials_id) references tasks_financials (id)
Hibernate: alter table tasks add constraint FKe5omqdr83a8fmv8ekmwwg0l1y foreign key (tasklist_id) references tasklists (id)
2019-11-13 21:50:35.669  INFO 16684 --- [    Test worker] o.h.h.i.QueryTranslatorFactoryInitiator  : HHH000397: Using ASTQueryTranslatorFactory
2019-11-13 21:50:35.826  INFO 16684 --- [    Test worker] j.LocalContainerEntityManagerFactoryBean : Initialized JPA EntityManagerFactory for persistence unit 'default'
2019-11-13 21:50:37.995  INFO 16684 --- [    Test worker] c.k.h.invoice.dao.InvoiceDaoTestSuite    : Started InvoiceDaoTestSuite in 9.71 seconds (JVM running for 12.027)
Hibernate: select next_val as id_val from hibernate_sequence for update
Hibernate: update hibernate_sequence set next_val= ? where next_val=?
Hibernate: select next_val as id_val from hibernate_sequence for update
Hibernate: update hibernate_sequence set next_val= ? where next_val=?
Hibernate: select next_val as id_val from hibernate_sequence for update
Hibernate: update hibernate_sequence set next_val= ? where next_val=?
Hibernate: select next_val as id_val from hibernate_sequence for update
Hibernate: update hibernate_sequence set next_val= ? where next_val=?
Hibernate: select next_val as id_val from hibernate_sequence for update
Hibernate: update hibernate_sequence set next_val= ? where next_val=?
Hibernate: select next_val as id_val from hibernate_sequence for update
Hibernate: update hibernate_sequence set next_val= ? where next_val=?
Hibernate: select next_val as id_val from hibernate_sequence for update
Hibernate: update hibernate_sequence set next_val= ? where next_val=?
Hibernate: select next_val as id_val from hibernate_sequence for update
Hibernate: update hibernate_sequence set next_val= ? where next_val=?
Hibernate: insert into invoices (invoice_number, invoice_id) values (?, ?)
Hibernate: insert into products (product_name, product_id) values (?, ?)
Hibernate: insert into items (invoice_id, price, product_id, quantity, value, item_id) values (?, ?, ?, ?, ?, ?)
Hibernate: insert into items (invoice_id, price, product_id, quantity, value, item_id) values (?, ?, ?, ?, ?, ?)
Hibernate: insert into products (product_name, product_id) values (?, ?)
Hibernate: insert into items (invoice_id, price, product_id, quantity, value, item_id) values (?, ?, ?, ?, ?, ?)
Hibernate: insert into products (product_name, product_id) values (?, ?)
Hibernate: insert into items (invoice_id, price, product_id, quantity, value, item_id) values (?, ?, ?, ?, ?, ?)
Hibernate: select invoice0_.invoice_id as invoice_1_2_0_, invoice0_.invoice_number as invoice_2_2_0_ from invoices invoice0_ where invoice0_.invoice_id=?
Hibernate: select items0_.invoice_id as invoice_5_3_0_, items0_.item_id as item_id1_3_0_, items0_.item_id as item_id1_3_1_, items0_.invoice_id as invoice_5_3_1_, items0_.price as price2_3_1_, items0_.product_id as product_6_3_1_, items0_.quantity as quantity3_3_1_, items0_.value as value4_3_1_, product1_.product_id as product_1_5_2_, product1_.product_name as product_2_5_2_ from items items0_ inner join products product1_ on items0_.product_id=product1_.product_id where items0_.invoice_id=?
Hibernate: delete from items where item_id=?
Hibernate: delete from items where item_id=?
Hibernate: delete from items where item_id=?
Hibernate: delete from items where item_id=?
Hibernate: delete from invoices where invoice_id=?
Hibernate: select product0_.product_id as product_1_5_0_, product0_.product_name as product_2_5_0_ from products product0_ where product0_.product_id=?
Hibernate: delete from products where product_id=?
Hibernate: select product0_.product_id as product_1_5_0_, product0_.product_name as product_2_5_0_ from products product0_ where product0_.product_id=?
Hibernate: delete from products where product_id=?
Hibernate: select product0_.product_id as product_1_5_0_, product0_.product_name as product_2_5_0_ from products product0_ where product0_.product_id=?
Hibernate: delete from products where product_id=?
]]></system-out>
  <system-err><![CDATA[]]></system-err>
</testsuite>
