<?xml version="1.0" encoding="UTF-8"?>
<testsuite name="FightsSearcherTestSuite" tests="6" skipped="0" failures="0" errors="0" timestamp="2019-11-13T20:50:09" hostname="DESKTOP-SLQ4268" time="0.038">
  <properties/>
  <testcase name="noAvailableFlightsFromTest" classname="FightsSearcherTestSuite" time="0.028"/>
  <testcase name="noAvailableFlightsToTest" classname="FightsSearcherTestSuite" time="0.001"/>
  <testcase name="availableConnectingFlightsTest" classname="FightsSearcherTestSuite" time="0.006"/>
  <testcase name="availableFlightsFromTest" classname="FightsSearcherTestSuite" time="0.0"/>
  <testcase name="availableFlightsToTest" classname="FightsSearcherTestSuite" time="0.0"/>
  <testcase name="noAvailableConnectingFlightsTest" classname="FightsSearcherTestSuite" time="0.0"/>
  <system-out><![CDATA[]]></system-out>
  <system-err><![CDATA[]]></system-err>
</testsuite>
